<?xml version="1.0" encoding="UTF-8"?>
<testsuite name="com.jetbrains.apiclient.execution.CurlExecutorTest" tests="6" skipped="0" failures="0" errors="0" timestamp="2026-02-23T18:25:00.419Z" hostname="ip-192-168-0-146.eu-west-2.compute.internal" time="0.33">
  <properties/>
  <testcase name="execute with headers that are not a JSON object returns -1()" classname="com.jetbrains.apiclient.execution.CurlExecutorTest" time="0.062"/>
  <testcase name="execute with empty headers string does not fail validation()" classname="com.jetbrains.apiclient.execution.CurlExecutorTest" time="0.164"/>
  <testcase name="execute with valid JSON object headers passes validation()" classname="com.jetbrains.apiclient.execution.CurlExecutorTest" time="0.094"/>
  <testcase name="execute with empty URL string returns -1()" classname="com.jetbrains.apiclient.execution.CurlExecutorTest" time="0.002"/>
  <testcase name="execute with blank URL returns -1 and outputs error()" classname="com.jetbrains.apiclient.execution.CurlExecutorTest" time="0.001"/>
  <testcase name="execute with invalid headers JSON returns -1 and outputs error()" classname="com.jetbrains.apiclient.execution.CurlExecutorTest" time="0.001"/>
  <system-out><![CDATA[]]></system-out>
  <system-err><![CDATA[]]></system-err>
</testsuite>
